Not nan values: 0
0      NaN
1      NaN
2      NaN
3      NaN
4      NaN
        ..
1663   NaN
1664   NaN
1665   NaN
1666   NaN
1667   NaN
Name: base_response, Length: 1668, dtype: float64
Not nan values: 0
0      NaN
1      NaN
2      NaN
3      NaN
4      NaN
        ..
1663   NaN
1664   NaN
1665   NaN
1666   NaN
1667   NaN
Name: dpo_response, Length: 1668, dtype: float64
Not nan values: 0
0      NaN
1      NaN
2      NaN
3      NaN
4      NaN
        ..
1663   NaN
1664   NaN
1665   NaN
1666   NaN
1667   NaN
Name: instruct_response, Length: 1668, dtype: float64
